<?xml version="1.0" encoding="UTF-8"?>
<!-- Generated by org.testng.reporters.JUnitReportReporter -->
<testsuite skipped="0" hostname="Yassers-iMac.fios-router.home" name="pagesTest.RegisterPageTest" tests="1" failures="0" timestamp="2023-01-15T00:47:36 EST" time="0.005" errors="0">
  <testcase name="verifyRegisterTab" time="0.005" classname="pagesTest.RegisterPageTest"/>
  <system-out/>
</testsuite> <!-- pagesTest.RegisterPageTest -->
